<component name="libraryTable">
  <library name="junit-4.13.1">
    <CLASSES>
      <root url="jar://D:/Программы установки/Java/jar библиотеки/junit-4.13.1.jar!/" />
    </CLASSES>
    <JAVADOC />
    <SOURCES />
  </library>
</component>